warning: ignoring unsupported tag `TOC_INCLUDE_HEADINGS   =' at line 313, file /home/travis/build/Rinnegatamante/lpp-vita/doc/Doxyfile
warning: ignoring unsupported tag `PLANTUML_CFG_FILE      =' at line 2427, file /home/travis/build/Rinnegatamante/lpp-vita/doc/Doxyfile
/home/travis/build/Rinnegatamante/lpp-vita/doc/luaCamera.cpp:2: warning: missing title after \defgroup Camera
/home/travis/build/Rinnegatamante/lpp-vita/doc/luaColor.cpp:2: warning: missing title after \defgroup Color
/home/travis/build/Rinnegatamante/lpp-vita/doc/luaControls.cpp:2: warning: missing title after \defgroup Controls
/home/travis/build/Rinnegatamante/lpp-vita/doc/luaDatabase.cpp:2: warning: missing title after \defgroup Database
/home/travis/build/Rinnegatamante/lpp-vita/doc/luaFont.cpp:2: warning: missing title after \defgroup Font
/home/travis/build/Rinnegatamante/lpp-vita/doc/luaGraphics.cpp:2: warning: missing title after \defgroup Graphics
/home/travis/build/Rinnegatamante/lpp-vita/doc/luaGui.cpp:2: warning: missing title after \defgroup Gui
/home/travis/build/Rinnegatamante/lpp-vita/doc/luaKeyboard.cpp:2: warning: missing title after \defgroup Keyboard
/home/travis/build/Rinnegatamante/lpp-vita/doc/luaMic.cpp:2: warning: missing title after \defgroup Mic
/home/travis/build/Rinnegatamante/lpp-vita/doc/luaNetwork.cpp:2: warning: missing title after \defgroup Network
/home/travis/build/Rinnegatamante/lpp-vita/doc/luaRender.cpp:2: warning: missing title after \defgroup Render
/home/travis/build/Rinnegatamante/lpp-vita/doc/luaScreen.cpp:2: warning: missing title after \defgroup Screen
/home/travis/build/Rinnegatamante/lpp-vita/doc/luaSocket.cpp:2: warning: missing title after \defgroup Socket
/home/travis/build/Rinnegatamante/lpp-vita/doc/luaSound.cpp:2: warning: missing title after \defgroup Sound
/home/travis/build/Rinnegatamante/lpp-vita/doc/luaSystem.cpp:2: warning: missing title after \defgroup System
/home/travis/build/Rinnegatamante/lpp-vita/doc/luaTimer.cpp:2: warning: missing title after \defgroup Timer
/home/travis/build/Rinnegatamante/lpp-vita/doc/luaVideo.cpp:2: warning: missing title after \defgroup Video
Parsing layout file /home/travis/build/Rinnegatamante/lpp-vita/doc/layout.xml...
Searching for include files...
Searching for example files...
Searching for images...
Searching for dot files...
Searching for msc files...
Searching for dia files...
Searching for files to exclude
Searching INPUT for files to process...
Searching for files in directory /home/travis/build/Rinnegatamante/lpp-vita/doc
Reading and parsing tag files
Parsing files
Preprocessing /home/travis/build/Rinnegatamante/lpp-vita/doc/luaCamera.cpp...
Parsing file /home/travis/build/Rinnegatamante/lpp-vita/doc/luaCamera.cpp...
Preprocessing /home/travis/build/Rinnegatamante/lpp-vita/doc/luaColor.cpp...
Parsing file /home/travis/build/Rinnegatamante/lpp-vita/doc/luaColor.cpp...
Preprocessing /home/travis/build/Rinnegatamante/lpp-vita/doc/luaControls.cpp...
Parsing file /home/travis/build/Rinnegatamante/lpp-vita/doc/luaControls.cpp...
Preprocessing /home/travis/build/Rinnegatamante/lpp-vita/doc/luaDatabase.cpp...
Parsing file /home/travis/build/Rinnegatamante/lpp-vita/doc/luaDatabase.cpp...
Preprocessing /home/travis/build/Rinnegatamante/lpp-vita/doc/luaFont.cpp...
Parsing file /home/travis/build/Rinnegatamante/lpp-vita/doc/luaFont.cpp...
Preprocessing /home/travis/build/Rinnegatamante/lpp-vita/doc/luaGraphics.cpp...
Parsing file /home/travis/build/Rinnegatamante/lpp-vita/doc/luaGraphics.cpp...
Preprocessing /home/travis/build/Rinnegatamante/lpp-vita/doc/luaGui.cpp...
Parsing file /home/travis/build/Rinnegatamante/lpp-vita/doc/luaGui.cpp...
Preprocessing /home/travis/build/Rinnegatamante/lpp-vita/doc/luaKeyboard.cpp...
Parsing file /home/travis/build/Rinnegatamante/lpp-vita/doc/luaKeyboard.cpp...
Preprocessing /home/travis/build/Rinnegatamante/lpp-vita/doc/luaMic.cpp...
Parsing file /home/travis/build/Rinnegatamante/lpp-vita/doc/luaMic.cpp...
Preprocessing /home/travis/build/Rinnegatamante/lpp-vita/doc/luaNetwork.cpp...
Parsing file /home/travis/build/Rinnegatamante/lpp-vita/doc/luaNetwork.cpp...
Preprocessing /home/travis/build/Rinnegatamante/lpp-vita/doc/luaRender.cpp...
Parsing file /home/travis/build/Rinnegatamante/lpp-vita/doc/luaRender.cpp...
Preprocessing /home/travis/build/Rinnegatamante/lpp-vita/doc/luaScreen.cpp...
Parsing file /home/travis/build/Rinnegatamante/lpp-vita/doc/luaScreen.cpp...
Preprocessing /home/travis/build/Rinnegatamante/lpp-vita/doc/luaSocket.cpp...
Parsing file /home/travis/build/Rinnegatamante/lpp-vita/doc/luaSocket.cpp...
Preprocessing /home/travis/build/Rinnegatamante/lpp-vita/doc/luaSound.cpp...
Parsing file /home/travis/build/Rinnegatamante/lpp-vita/doc/luaSound.cpp...
Preprocessing /home/travis/build/Rinnegatamante/lpp-vita/doc/luaSystem.cpp...
Parsing file /home/travis/build/Rinnegatamante/lpp-vita/doc/luaSystem.cpp...
Preprocessing /home/travis/build/Rinnegatamante/lpp-vita/doc/luaTimer.cpp...
Parsing file /home/travis/build/Rinnegatamante/lpp-vita/doc/luaTimer.cpp...
Preprocessing /home/travis/build/Rinnegatamante/lpp-vita/doc/luaVideo.cpp...
Parsing file /home/travis/build/Rinnegatamante/lpp-vita/doc/luaVideo.cpp...
Preprocessing /home/travis/build/Rinnegatamante/lpp-vita/doc/Mainpage.dox...
Parsing file /home/travis/build/Rinnegatamante/lpp-vita/doc/Mainpage.dox...
Building group list...
Building directory list...
Building namespace list...
Building file list...
Building class list...
Associating documentation with classes...
Computing nesting relations for classes...
Building example list...
Searching for enumerations...
Searching for documented typedefs...
Searching for members imported via using declarations...
Searching for included using directives...
Searching for documented variables...
Building interface member list...
Building member list...
Searching for friends...
Searching for documented defines...
Computing class inheritance relations...
Computing class usage relations...
Flushing cached template relations that have become invalid...
Creating members for template instances...
Computing class relations...
Add enum values to enums...
Searching for member function documentation...
Building page list...
Search /home/travis/build/Rinnegatamante/lpp-vita/doc/luaCamera.cpp:481: warning: argument 'mode' of command @param is not found in the argument list of Camera::setNightmode(CameraNightmode value)
/home/travis/build/Rinnegatamante/lpp-vita/doc/luaCamera.cpp:489: warning: The following parameters of Camera::setNightmode(CameraNightmode value) are not documented:
  parameter 'value'
/home/travis/build/Rinnegatamante/lpp-vita/doc/luaGraphics.cpp:146: warning: argument 'x' of command @param is not found in the argument list of Graphics::fillCircle(number x1, number y1, number rad, int color)
/home/travis/build/Rinnegatamante/lpp-vita/doc/luaGraphics.cpp:146: warning: argument 'y' of command @param is not found in the argument list of Graphics::fillCircle(number x1, number y1, number rad, int color)
/home/travis/build/Rinnegatamante/lpp-vita/doc/luaGraphics.cpp:157: warning: The following parameters of Graphics::fillCircle(number x1, number y1, number rad, int color) are not documented:
  parameter 'x1'
  parameter 'y1'
for main page...
Computing page relations...
Determining the scope of groups...
Sorting lists...
Freeing entry tree
Determining which enums are documented
Computing member relations...
Building full member lists recursively...
Adding members to member groups.
Computing member references...
Inheriting documentation...
Generating disk names...
Adding source references...
Adding xrefitems...
Sorting member lists...
Computing dependencies between directories...
Generating citations page...
Counting data structures...
Resolving user defined references...
Finding anchors and sections in the documentation...
Transferring function references...
Combining using relations...
Adding members to index pages...
Generating style sheet...
Generating search indices...
Generating example documentation...
Generating file sources...
Generating file documentation...
Generating page documentation...
Generating group documentation...
Generating class documentation...
Generating docs for compound Camera...
Generating docs for compound Color...
Generating docs for compound Controls...
Generating docs for compound Database...
Generating docs for compound Font...
Generating docs for compound Graphics...
Generating docs for compound Gui...
Generating docs for compound Keyboard...
Generating docs for compound Mic...
Generating docs for compound Network...
Generating docs for compound Render...
Generating docs for compound Screen...
Generating docs for compound Socket...
Generating docs for compound Sound...
Generating docs for compound System...
Generating docs for compound Timer...
Generating docs for compound Video...
Generating namespace index...
Generating graph info page...
Generating directory documentation...
Generating index page...
Generating page index...
Generating module index...
Generating namespace index...
Generating namespace member index...
Generating annotated compound index...
Generating alphabetical compound index...
Generating hierarchical class index...
Generating member index...
Generating file member index...
Generating example index...
finalizing index lists...
writing tag file...
lookup cache used 374/65536 hits=1085 misses=374
finished...
